[debug] [2024-09-29T03:42:04.491Z] ----------------------------------------------------------------------
[debug] [2024-09-29T03:42:04.493Z] Command:       /usr/local/bin/firebase /Users/habeeb/.cache/firebase/tools/lib/node_modules/firebase-tools/lib/bin/firebase init
[debug] [2024-09-29T03:42:04.493Z] CLI Version:   12.2.0
[debug] [2024-09-29T03:42:04.494Z] Platform:      darwin
[debug] [2024-09-29T03:42:04.494Z] Node Version:  v16.16.0
[debug] [2024-09-29T03:42:04.496Z] Time:          Sat Sep 28 2024 22:42:04 GMT-0500 (Central Daylight Time)
[debug] [2024-09-29T03:42:04.497Z] ----------------------------------------------------------------------
[debug] 
[debug] [2024-09-29T03:42:04.503Z] >>> [apiv2][query] GET https://firebase-public.firebaseio.com/cli.json [none]
[debug] [2024-09-29T03:42:04.520Z] > command requires scopes: ["email","openid","https://www.googleapis.com/auth/cloudplatformprojects.readonly","https://www.googleapis.com/auth/firebase","https://www.googleapis.com/auth/cloud-platform"]
[debug] [2024-09-29T03:42:04.521Z] > authorizing via signed-in user (habeeb@hooshmandenterprises.com)
[info] 
     ######## #### ########  ######## ########     ###     ######  ########
     ##        ##  ##     ## ##       ##     ##  ##   ##  ##       ##
     ######    ##  ########  ######   ########  #########  ######  ######
     ##        ##  ##    ##  ##       ##     ## ##     ##       ## ##
     ##       #### ##     ## ######## ########  ##     ##  ######  ########

You're about to initialize a Firebase project in this directory:

  /Users/habeeb/work/positive-prompts

[debug] [2024-09-29T03:42:04.665Z] <<< [apiv2][status] GET https://firebase-public.firebaseio.com/cli.json 200
[debug] [2024-09-29T03:42:04.667Z] <<< [apiv2][body] GET https://firebase-public.firebaseio.com/cli.json {"cloudBuildErrorAfter":1594252800000,"cloudBuildWarnAfter":1590019200000,"defaultNode10After":1594252800000,"minVersion":"3.0.5","node8DeploysDisabledAfter":1613390400000,"node8RuntimeDisabledAfter":1615809600000,"node8WarnAfter":1600128000000}
